<?xml version="1.0" encoding="UTF-8"?>
<!-- Generated by org.testng.reporters.JUnitXMLReporter -->
<testsuite hostname="sonal" failures="0" tests="9" name="Default test" time="93.731" errors="0" timestamp="27 Sep 2023 07:26:14 GMT">
  <testcase classname="crm.tastcases.LoginPageTest" name="ValidateTilte" time="0.03"/>
  <testcase classname="crm.tastcases.LoginPageTest" name="verifyCRMlogo" time="0.078"/>
  <testcase classname="crm.tastcases.LoginPageTest" name="verifylinks" time="0.049"/>
  <testcase classname="crm.tastcases.LoginPageTest" name="Customerslink" time="0.05"/>
  <testcase classname="crm.tastcases.LoginPageTest" name="Pricinglink" time="0.055"/>
  <testcase classname="crm.tastcases.LoginPageTest" name="SignupLink" time="0.048"/>
  <testcase classname="crm.tastcases.LoginPageTest" name="ContactLink" time="0.057"/>
  <testcase classname="crm.tastcases.LoginPageTest" name="FeaturesLink" time="0.041"/>
  <testcase classname="crm.tastcases.LoginPageTest" name="loginToApplication" time="11.438"/>
</testsuite> <!-- Default test -->
